<?xml version="1.0" encoding="UTF-8"?>
<!-- Generated by org.testng.reporters.JUnitReportReporter -->
<testsuite hostname="DESKTOP-1I78L95" failures="0" tests="1" name="com.company.spotify.SpotifyApi" time="1.328" errors="0" timestamp="01 Jul 2022 11:14:49 GMT" skipped="0">
  <testcase classname="com.company.spotify.SpotifyApi" name="GetTracksAudioFeaturesWithId" time="1.328"/>
</testsuite> <!-- com.company.spotify.SpotifyApi -->
